\BOOKMARK [1][-]{section.1}{\376\377\000I\000n\000t\000r\000o\000d\000u\000c\000t\000i\000o\000n}{}% 1
\BOOKMARK [1][-]{section.2}{\376\377\000R\000e\000s\000e\000a\000r\000c\000h\000\040\000M\000o\000d\000e\000l\000\040\000\046\000\040\000H\000y\000p\000o\000t\000h\000e\000s\000i\000s}{}% 2
\BOOKMARK [1][-]{section.3}{\376\377\000R\000e\000l\000a\000t\000e\000d\000\040\000W\000o\000r\000k\000\040\000\046\000\040\000R\000e\000v\000i\000e\000w\000\040\000o\000f\000\040\000L\000i\000t\000e\000r\000a\000t\000u\000r\000e}{}% 3
\BOOKMARK [2][-]{subsection.3.1}{\376\377\000W\000h\000a\000t\000\040\000i\000s\000\040\000A\000r\000t\000i\000f\000i\000c\000i\000a\000l\000\040\000I\000n\000t\000e\000l\000l\000i\000g\000e\000n\000c\000e\000?}{section.3}% 4
\BOOKMARK [2][-]{subsection.3.2}{\376\377\000L\000i\000m\000i\000t\000a\000t\000i\000o\000n\000s\000\040\000o\000f\000\040\000A\000r\000t\000i\000f\000i\000c\000i\000a\000l\000\040\000I\000n\000t\000e\000l\000l\000i\000g\000e\000n\000c\000e}{section.3}% 5
\BOOKMARK [2][-]{subsection.3.3}{\376\377\000W\000h\000a\000t\000\040\000i\000s\000\040\000E\000m\000o\000t\000i\000o\000n\000a\000l\000\040\000I\000n\000t\000e\000l\000l\000i\000g\000e\000n\000c\000e\000?}{section.3}% 6
\BOOKMARK [2][-]{subsection.3.4}{\376\377\000E\000m\000o\000t\000i\000o\000n\000a\000l\000\040\000A\000r\000t\000i\000f\000i\000c\000i\000a\000l\000\040\000I\000n\000t\000e\000l\000l\000i\000g\000e\000n\000c\000e}{section.3}% 7
\BOOKMARK [3][-]{subsubsection.3.4.1}{\376\377\000D\000e\000f\000i\000n\000i\000t\000i\000o\000n}{subsection.3.4}% 8
\BOOKMARK [3][-]{subsubsection.3.4.2}{\376\377\000L\000i\000m\000i\000t\000a\000t\000i\000o\000n\000s\000\040\000o\000f\000\040\000A\000r\000t\000i\000f\000i\000c\000i\000a\000l\000\040\000I\000n\000t\000e\000l\000l\000i\000g\000e\000n\000c\000e}{subsection.3.4}% 9
\BOOKMARK [3][-]{subsubsection.3.4.3}{\376\377\000W\000h\000y\000\040\000T\000r\000u\000l\000y\000\040\000I\000n\000t\000e\000l\000l\000i\000g\000e\000n\000t\000\040\000M\000a\000c\000h\000i\000n\000e\000s\000\040\000N\000e\000e\000d\000\040\000E\000m\000o\000t\000i\000o\000n\000s\000?}{subsection.3.4}% 10
\BOOKMARK [3][-]{subsubsection.3.4.4}{\376\377\000N\000e\000e\000d\000,\000\040\000I\000m\000p\000o\000r\000t\000a\000n\000c\000e\000\040\000\046\000\040\000B\000e\000n\000i\000f\000i\000t\000s}{subsection.3.4}% 11
\BOOKMARK [3][-]{subsubsection.3.4.5}{\376\377\000A\000p\000p\000l\000i\000c\000a\000t\000i\000o\000n\000s}{subsection.3.4}% 12
\BOOKMARK [2][-]{subsection.3.5}{\376\377\000C\000o\000n\000s\000c\000i\000o\000u\000s\000,\000\040\000S\000u\000b\000c\000o\000n\000s\000c\000i\000o\000u\000s\000\040\000\046\000\040\000U\000n\000c\000o\000n\000s\000c\000i\000o\000u\000s\000\040\000o\000f\000\040\000A\000r\000i\000t\000i\000f\000i\000c\000i\000a\000l\000\040\000I\000n\000t\000e\000l\000l\000i\000g\000e\000n\000c\000e}{section.3}% 13
\BOOKMARK [2][-]{subsection.3.6}{\376\377\000C\000o\000n\000v\000e\000r\000g\000e\000n\000c\000e\000,\000\040\000D\000i\000v\000e\000r\000g\000e\000n\000c\000e\000\040\000a\000n\000d\000\040\000B\000e\000l\000i\000e\000f\000\040\000S\000y\000s\000t\000e\000m\000s\000\040\000o\000f\000\040\000A\000I}{section.3}% 14
\BOOKMARK [3][-]{subsubsection.3.6.1}{\376\377\000S\000t\000a\000b\000i\000l\000i\000t\000y\000\040\000a\000n\000d\000\040\000U\000n\000s\000t\000a\000b\000i\000l\000i\000t\000y}{subsection.3.6}% 15
\BOOKMARK [2][-]{subsection.3.7}{\376\377\000E\000m\000o\000t\000i\000o\000n\000\040\000D\000y\000n\000a\000m\000i\000c\000s}{section.3}% 16
\BOOKMARK [2][-]{subsection.3.8}{\376\377\000T\000h\000e\000\040\000B\000u\000t\000t\000e\000r\000f\000l\000y\000\040\000E\000f\000f\000e\000c\000t\000\040\000\046\000\040\000C\000h\000a\000o\000s\000\040\000T\000h\000e\000o\000r\000y}{section.3}% 17
\BOOKMARK [2][-]{subsection.3.9}{\376\377\000Q\000u\000a\000n\000t\000u\000m\000\040\000L\000e\000v\000e\000l\000\040\000V\000/\000S\000\040\000C\000o\000s\000m\000i\000c\000\040\000L\000e\000v\000e\000l}{section.3}% 18
\BOOKMARK [3][-]{subsubsection.3.9.1}{\376\377\000M\000i\000c\000r\000o\000s\000c\000o\000p\000i\000c\000\040\000V\000/\000S\000\040\000M\000a\000c\000r\000o\000s\000c\000o\000p\000i\000c}{subsection.3.9}% 19
\BOOKMARK [2][-]{subsection.3.10}{\376\377\000P\000l\000u\000t\000c\000h\000i\000k\000'\000s\000\040\000W\000h\000e\000e\000l\000\040\000o\000f\000\040\000E\000m\000o\000t\000i\000o\000n\000s}{section.3}% 20
\BOOKMARK [2][-]{subsection.3.11}{\376\377\000A\000n\000c\000i\000e\000n\000t\000\040\000V\000e\000d\000i\000c\000\040\000A\000s\000t\000r\000o\000l\000o\000g\000y}{section.3}% 21
\BOOKMARK [3][-]{subsubsection.3.11.1}{\376\377\000C\000l\000a\000s\000s\000i\000f\000i\000c\000a\000t\000i\000o\000n\000\040\000o\000f\000\040\000V\000e\000d\000i\000c\000\040\000A\000s\000t\000r\000o\000l\000o\000g\000y}{subsection.3.11}% 22
\BOOKMARK [3][-]{subsubsection.3.11.2}{\376\377\000S\000u\000r\000y\000a\000\040\000S\000i\000d\000d\000h\000a\000n\000t\000a}{subsection.3.11}% 23
\BOOKMARK [3][-]{subsubsection.3.11.3}{\376\377\000V\000r\000i\000h\000a\000t\000\040\000S\000a\000m\000h\000i\000t\000a}{subsection.3.11}% 24
\BOOKMARK [3][-]{subsubsection.3.11.4}{\376\377\000B\000r\000i\000h\000a\000t\000\040\000P\000a\000r\000a\000s\000h\000a\000r\000\040\000H\000o\000r\000a\000\040\000S\000h\000a\000s\000t\000r\000a}{subsection.3.11}% 25
\BOOKMARK [3][-]{subsubsection.3.11.5}{\376\377\000S\000i\000g\000n\000i\000f\000i\000c\000a\000n\000c\000e\000\040\000o\000f\000\040\000P\000l\000a\000n\000e\000t\000s}{subsection.3.11}% 26
\BOOKMARK [1][-]{section.4}{\376\377\000M\000e\000t\000h\000o\000d\000o\000l\000o\000g\000y}{}% 27
\BOOKMARK [1][-]{section.5}{\376\377\000I\000m\000p\000l\000e\000m\000e\000n\000t\000a\000t\000i\000o\000n\000\040\000\046\000\040\000P\000l\000a\000n\000n\000e\000d\000\040\000E\000x\000p\000e\000r\000i\000m\000e\000n\000t\000s}{}% 28
\BOOKMARK [1][-]{section.6}{\376\377\000C\000o\000n\000c\000l\000u\000s\000i\000o\000n\000\040\000\046\000\040\000O\000u\000t\000l\000o\000o\000k}{}% 29
