\BOOKMARK [1][-]{section.1}{\376\377\000I\000n\000t\000r\000o\000d\000u\000c\000t\000i\000o\000n}{}% 1
\BOOKMARK [1][-]{section.2}{\376\377\000R\000e\000s\000e\000a\000r\000c\000h\000\040\000M\000o\000d\000e\000l\000\040\000\046\000\040\000H\000y\000p\000o\000t\000h\000e\000s\000i\000s}{}% 2
\BOOKMARK [1][-]{section.3}{\376\377\000R\000e\000l\000a\000t\000e\000d\000\040\000W\000o\000r\000k\000\040\000\046\000\040\000R\000e\000v\000i\000e\000w\000\040\000o\000f\000\040\000L\000i\000t\000e\000r\000a\000t\000u\000r\000e}{}% 3
\BOOKMARK [1][-]{section.4}{\376\377\000T\000h\000e\000o\000r\000e\000t\000i\000c\000a\000l\000\040\000F\000r\000a\000m\000e\000w\000o\000r\000k}{}% 4
\BOOKMARK [2][-]{subsection.4.1}{\376\377\000W\000h\000a\000t\000\040\000i\000s\000\040\000A\000r\000t\000i\000f\000i\000c\000i\000a\000l\000\040\000I\000n\000t\000e\000l\000l\000i\000g\000e\000n\000c\000e\000?}{section.4}% 5
\BOOKMARK [3][-]{subsubsection.4.1.1}{\376\377\000L\000i\000m\000i\000t\000a\000t\000i\000o\000n\000s\000\040\000o\000f\000\040\000A\000I}{subsection.4.1}% 6
\BOOKMARK [2][-]{subsection.4.2}{\376\377\000W\000h\000a\000t\000\040\000i\000s\000\040\000E\000m\000o\000t\000i\000o\000n\000a\000l\000\040\000I\000n\000t\000e\000l\000l\000i\000g\000e\000n\000c\000e\000?}{section.4}% 7
\BOOKMARK [2][-]{subsection.4.3}{\376\377\000W\000h\000a\000t\000\040\000i\000s\000\040\000E\000m\000o\000t\000i\000o\000n\000a\000l\000\040\000A\000r\000t\000i\000f\000i\000c\000i\000a\000l\000\040\000I\000n\000t\000e\000l\000l\000i\000g\000e\000n\000c\000e\000?}{section.4}% 8
\BOOKMARK [2][-]{subsection.4.4}{\376\377\000W\000h\000y\000\040\000T\000r\000u\000l\000y\000\040\000I\000n\000t\000e\000l\000l\000i\000g\000e\000n\000t\000\040\000M\000a\000c\000h\000i\000n\000e\000s\000\040\000N\000e\000e\000d\000\040\000E\000m\000o\000t\000i\000o\000n\000s\000?}{section.4}% 9
\BOOKMARK [2][-]{subsection.4.5}{\376\377\000C\000o\000g\000n\000i\000t\000i\000v\000e\000\040\000P\000s\000y\000c\000h\000o\000l\000o\000g\000y}{section.4}% 10
\BOOKMARK [2][-]{subsection.4.6}{\376\377\000P\000l\000u\000t\000c\000h\000i\000k\000'\000s\000\040\000W\000h\000e\000e\000l\000\040\000o\000f\000\040\000E\000m\000o\000t\000i\000o\000n\000s}{section.4}% 11
\BOOKMARK [2][-]{subsection.4.7}{\376\377\000L\000o\000g\000i\000c\000a\000l\000\040\000T\000h\000i\000n\000k\000i\000n\000g\000\040\000V\000/\000S\000\040\000I\000n\000t\000u\000i\000t\000i\000v\000e\000\040\000T\000h\000i\000n\000k\000i\000n\000g}{section.4}% 12
\BOOKMARK [2][-]{subsection.4.8}{\376\377\000E\000m\000o\000t\000i\000o\000n\000\040\000D\000y\000n\000a\000m\000i\000c\000s}{section.4}% 13
\BOOKMARK [2][-]{subsection.4.9}{\376\377\000B\000u\000t\000t\000e\000r\000f\000l\000y\000\040\000E\000f\000f\000e\000c\000t\000\040\000\046\000\040\000C\000h\000a\000o\000s\000\040\000T\000h\000e\000o\000r\000y}{section.4}% 14
\BOOKMARK [2][-]{subsection.4.10}{\376\377\000L\000o\000n\000g\000-\000S\000h\000o\000r\000t\000\040\000T\000e\000r\000m\000\040\000M\000e\000m\000o\000r\000y\000\050\000L\000S\000T\000M\000\051}{section.4}% 15
\BOOKMARK [2][-]{subsection.4.11}{\376\377\000V\000e\000d\000i\000c\000\040\000A\000s\000t\000r\000o\000l\000o\000g\000y}{section.4}% 16
\BOOKMARK [3][-]{subsubsection.4.11.1}{\376\377\000S\000i\000g\000n\000i\000f\000i\000c\000a\000n\000c\000e\000\040\000o\000f\000\040\000H\000o\000u\000s\000e\000s}{subsection.4.11}% 17
\BOOKMARK [3][-]{subsubsection.4.11.2}{\376\377\000P\000r\000o\000p\000e\000r\000t\000i\000e\000s\000\040\000o\000f\000\040\000Z\000o\000d\000i\000a\000c\000\040\000S\000i\000g\000n\000s}{subsection.4.11}% 18
\BOOKMARK [3][-]{subsubsection.4.11.3}{\376\377\000P\000r\000o\000p\000e\000r\000t\000i\000e\000s\000\040\000o\000f\000\040\000P\000l\000a\000n\000e\000t\000s}{subsection.4.11}% 19
\BOOKMARK [3][-]{subsubsection.4.11.4}{\376\377\000D\000a\000s\000h\000a\000s\000\040\000\046\000\040\000T\000r\000a\000n\000s\000i\000t\000s}{subsection.4.11}% 20
\BOOKMARK [3][-]{subsubsection.4.11.5}{\376\377\000S\000i\000g\000n\000i\000f\000i\000c\000a\000n\000c\000e\000\040\000o\000f\000\040\000H\000o\000u\000s\000e\000s}{subsection.4.11}% 21
\BOOKMARK [3][-]{subsubsection.4.11.6}{\376\377\000P\000r\000o\000p\000e\000r\000t\000i\000e\000s\000\040\000o\000f\000\040\000Z\000o\000d\000i\000a\000c\000\040\000S\000i\000g\000n\000s}{subsection.4.11}% 22
\BOOKMARK [3][-]{subsubsection.4.11.7}{\376\377\000P\000r\000o\000p\000e\000r\000t\000i\000e\000s\000\040\000o\000f\000\040\000P\000l\000a\000n\000e\000t\000s}{subsection.4.11}% 23
\BOOKMARK [3][-]{subsubsection.4.11.8}{\376\377\000C\000o\000m\000b\000i\000n\000a\000t\000i\000o\000n\000s\000\040\000o\000f\000\040\000P\000l\000a\000n\000e\000t\000s\000\040\000w\000i\000t\000h\000\040\000Z\000o\000d\000i\000a\000c\000\040\000S\000i\000g\000n\000s}{subsection.4.11}% 24
\BOOKMARK [3][-]{subsubsection.4.11.9}{\376\377\000D\000a\000s\000h\000a\000s\000\040\000\046\000\040\000T\000r\000a\000n\000s\000i\000t\000s}{subsection.4.11}% 25
\BOOKMARK [3][-]{subsubsection.4.11.10}{\376\377\000S\000u\000d\000a\000r\000s\000h\000a\000n\000\040\000C\000h\000a\000k\000r\000a}{subsection.4.11}% 26
\BOOKMARK [1][-]{section.5}{\376\377\000A\000n\000a\000l\000y\000s\000i\000s\000\040\000\046\000\040\000D\000i\000s\000c\000u\000s\000s\000i\000o\000n}{}% 27
\BOOKMARK [2][-]{subsection.5.1}{\376\377\000L\000S\000T\000M\000,\000\040\000T\000h\000e\000\040\000C\000o\000n\000s\000c\000i\000o\000u\000s\000\040\000\046\000\040\000S\000u\000b\000c\000o\000n\000s\000c\000i\000o\000u\000s\000\040\000o\000f\000\040\000A\000I}{section.5}% 28
\BOOKMARK [2][-]{subsection.5.2}{\376\377\000H\000o\000w\000\040\000t\000o\000\040\000d\000e\000s\000i\000g\000n\000\040\000t\000h\000e\000\040\000U\000n\000c\000o\000n\000s\000c\000i\000o\000u\000s\000\040\000o\000f\000\040\000A\000I\000?}{section.5}% 29
\BOOKMARK [2][-]{subsection.5.3}{\376\377\000C\000o\000g\000n\000i\000t\000i\000v\000e\000\040\000P\000s\000y\000c\000h\000o\000l\000o\000g\000y\000\040\000\046\000\040\000D\000y\000n\000a\000m\000i\000c\000a\000l\000\040\000S\000y\000s\000t\000e\000m\000s}{section.5}% 30
\BOOKMARK [2][-]{subsection.5.4}{\376\377\000C\000o\000n\000v\000e\000r\000g\000e\000n\000c\000e\000,\000\040\000D\000i\000v\000e\000r\000g\000e\000n\000c\000e\000\040\000A\000n\000d\000\040\000B\000e\000l\000i\000e\000f\000\040\000S\000y\000s\000t\000e\000m\000s}{section.5}% 31
\BOOKMARK [2][-]{subsection.5.5}{\376\377\000Q\000u\000a\000n\000t\000u\000m\000\040\000L\000e\000v\000e\000l\000\040\000V\000/\000S\000\040\000C\000o\000s\000m\000i\000c\000\040\000L\000e\000v\000e\000l}{section.5}% 32
\BOOKMARK [3][-]{subsubsection.5.5.1}{\376\377\000M\000i\000c\000r\000o\000s\000c\000o\000p\000i\000c\000\040\000V\000/\000S\000\040\000M\000a\000c\000r\000o\000s\000c\000o\000p\000i\000c}{subsection.5.5}% 33
\BOOKMARK [2][-]{subsection.5.6}{\376\377\000V\000e\000d\000i\000c\000\040\000A\000s\000t\000r\000o\000l\000o\000g\000y\000\040\000\046\000\040\000D\000y\000n\000a\000m\000i\000c\000a\000l\000\040\000S\000y\000s\000t\000e\000m\000s}{section.5}% 34
\BOOKMARK [3][-]{subsubsection.5.6.1}{\376\377\000B\000i\000r\000t\000h\000\040\000C\000h\000a\000r\000t\000\040\000\050\000A\000n\000\040\000I\000n\000i\000t\000i\000a\000l\000\040\000C\000o\000n\000d\000i\000t\000i\000o\000n\000\040\000o\000f\000\040\000E\000m\000o\000t\000i\000o\000n\000\040\000D\000y\000n\000a\000m\000i\000c\000s\000\051}{subsection.5.6}% 35
\BOOKMARK [2][-]{subsection.5.7}{\376\377\000A\000r\000t\000c\000h\000i\000t\000e\000c\000t\000u\000r\000e\000\040\000o\000f\000\040\000E\000I\000M}{section.5}% 36
\BOOKMARK [3][-]{subsubsection.5.7.1}{\376\377\000M\000o\000d\000e\000l\000l\000i\000n\000g\000\040\000o\000f\000\040\000P\000l\000u\000t\000c\000h\000i\000k\040\031\000s\000\040\000W\000h\000e\000e\000l\000\040\000o\000f\000\040\000E\000m\000o\000t\000i\000o\000n\000s}{subsection.5.7}% 37
\BOOKMARK [3][-]{subsubsection.5.7.2}{\376\377\000D\000e\000s\000i\000g\000n\000\040\000o\000f\000\040\000t\000h\000e\000\040\000U\000n\000c\000o\000n\000s\000c\000i\000o\000u\000s\000\040\000U\000n\000i\000t}{subsection.5.7}% 38
\BOOKMARK [3][-]{subsubsection.5.7.3}{\376\377\000I\000n\000t\000u\000i\000t\000i\000o\000n\000\040\000P\000r\000o\000g\000r\000a\000m\000m\000i\000n\000g}{subsection.5.7}% 39
\BOOKMARK [1][-]{section.6}{\376\377\000C\000o\000n\000c\000l\000u\000s\000i\000o\000n\000\040\000\046\000\040\000O\000u\000t\000l\000o\000o\000k}{}% 40
\BOOKMARK [1][-]{section*.3}{\376\377\000R\000e\000f\000e\000r\000e\000n\000c\000e\000s}{}% 41
\BOOKMARK [1][-]{section*.4}{\376\377\000A\000p\000p\000e\000n\000d\000i\000x}{}% 42
